[2014-08-16 20:51:17] START
[2014-08-16 20:51:17] EDIT Xchange/models/db.py: 0
[2014-08-16 20:57:26] EDIT Xchange/models/db.py: -5
[2014-08-16 21:01:22] EDIT Xchange/models/db.py: -2
[2014-08-16 21:03:15] EDIT Xchange/models/db.py: 0
[2014-08-16 21:07:15] EDIT Xchange/models/db.py: 1
[2014-08-16 21:37:04] EDIT Xchange/controllers/default.py: 12
[2014-08-16 21:39:59] EDIT Xchange/controllers/default.py: 0
[2014-08-16 21:40:16] EDIT Xchange/controllers/default.py: 0
[2014-08-16 21:40:43] EDIT Xchange/controllers/default.py: -12
[2014-08-17 15:27:14] EDIT Xchange/views/default/index.html: 76
[2014-08-17 15:28:07] EDIT Xchange/views/default/index.html: 0
[2014-08-17 15:28:29] EDIT Xchange/views/default/index.html: -1
[2014-08-17 15:31:04] EDIT Xchange/views/default/index.html: 0
[2014-08-17 15:32:17] EDIT Xchange/views/default/index.html: -16
[2014-08-17 15:33:12] EDIT Xchange/views/default/index.html: 0
[2014-08-17 15:34:58] EDIT Xchange/views/default/index.html: -1
[2014-08-17 15:35:11] EDIT Xchange/views/default/index.html: -1
[2014-08-17 15:36:19] EDIT Xchange/views/default/index.html: 0
[2014-08-17 15:37:24] EDIT Xchange/views/default/index.html: 1
[2014-08-17 15:37:50] EDIT Xchange/views/default/index.html: 0
[2014-08-17 15:38:16] EDIT Xchange/views/default/index.html: -3
[2014-08-17 15:40:07] EDIT Xchange/models/db.py: -2
[2014-08-17 15:40:16] EDIT Xchange/models/db.py: -1
[2014-08-17 15:58:21] EDIT Xchange/views/default/index.html: 1
[2014-08-17 15:59:10] EDIT Xchange/views/default/index.html: 1
[2014-08-17 16:01:02] EDIT Xchange/views/default/index.html: -2
[2014-08-17 16:20:36] CREATE map.html: 0
[2014-08-17 16:21:56] EDIT Xchange/views/map.html: 50
[2014-08-17 16:23:50] EDIT Xchange/controllers/default.py: 8
[2014-08-17 16:24:48] EDIT Xchange/controllers/default.py: -1
[2014-08-17 16:38:31] EDIT Xchange/models/db.py: 4
[2014-08-17 16:39:14] EDIT Xchange/models/db.py: 0
[2014-08-17 16:39:16] EDIT Xchange/models/db.py: 0
[2014-08-17 16:39:50] EDIT Xchange/models/db.py: 1
[2014-08-17 17:37:11] EDIT Xchange/views/default/index.html: 5
[2014-08-17 17:37:38] EDIT Xchange/controllers/default.py: 2
[2014-08-17 17:37:56] EDIT Xchange/controllers/default.py: 0
[2014-08-17 17:38:37] EDIT Xchange/controllers/default.py: 1
[2014-08-17 17:39:30] EDIT Xchange/controllers/default.py: 1
[2014-08-17 17:42:33] EDIT Xchange/controllers/default.py: 0
[2014-08-17 17:43:05] EDIT Xchange/controllers/default.py: 1
[2014-08-17 17:43:27] EDIT Xchange/controllers/default.py: 0
[2014-08-17 17:43:42] EDIT Xchange/controllers/default.py: 0
[2014-08-17 17:44:54] EDIT Xchange/controllers/default.py: -1
[2014-08-17 17:45:11] EDIT Xchange/controllers/default.py: 0
[2014-08-17 17:45:16] EDIT Xchange/controllers/default.py: 0
[2014-08-17 17:47:09] EDIT Xchange/controllers/default.py: 0
[2014-08-17 17:47:50] EDIT Xchange/controllers/default.py: 0
[2014-08-17 17:48:45] EDIT Xchange/controllers/default.py: 0
[2014-08-17 17:49:43] EDIT Xchange/controllers/default.py: 0
[2014-08-17 17:50:05] EDIT Xchange/controllers/default.py: 0
[2014-08-17 17:50:20] EDIT Xchange/controllers/default.py: 0
[2014-08-17 17:51:37] EDIT Xchange/controllers/default.py: 0
[2014-08-17 17:51:40] EDIT Xchange/controllers/default.py: 0
[2014-08-17 17:56:35] EDIT Xchange/controllers/default.py: 0
[2014-08-17 17:56:57] EDIT Xchange/controllers/default.py: 0
[2014-08-17 17:57:12] EDIT Xchange/controllers/default.py: 0
[2014-08-17 17:58:22] EDIT Xchange/controllers/default.py: 1
[2014-08-17 18:00:31] EDIT Xchange/controllers/default.py: 0
[2014-08-17 18:02:48] EDIT Xchange/controllers/default.py: 0
[2014-08-17 18:03:14] EDIT Xchange/controllers/default.py: 0
[2014-08-17 18:30:10] EDIT Xchange/views/default/index.html: 0
[2014-08-17 18:30:22] EDIT Xchange/controllers/default.py: 0
[2014-08-17 18:31:27] EDIT Xchange/controllers/default.py: 2
[2014-08-17 18:31:43] EDIT Xchange/controllers/default.py: 1
[2014-08-17 18:33:41] EDIT Xchange/controllers/default.py: 0
[2014-08-17 18:33:46] EDIT Xchange/controllers/default.py: 0
[2014-08-17 18:39:26] EDIT Xchange/models/db.py: 0
[2014-08-17 18:40:36] EDIT Xchange/controllers/default.py: 0
[2014-08-17 18:41:04] EDIT Xchange/models/db.py: 0
[2014-08-17 18:41:35] EDIT Xchange/controllers/default.py: 0
[2014-08-17 18:42:49] EDIT Xchange/controllers/default.py: 0
[2014-08-17 18:50:17] EDIT Xchange/controllers/default.py: 1
[2014-08-17 18:50:58] EDIT Xchange/views/default/index.html: -1
[2014-08-17 18:55:03] EDIT Xchange/controllers/default.py: 2
[2014-08-17 18:55:19] EDIT Xchange/controllers/default.py: 1
[2014-08-17 18:55:38] EDIT Xchange/views/default/index.html: 0
[2014-08-17 18:56:15] EDIT Xchange/controllers/default.py: 0
[2014-08-17 18:56:40] EDIT Xchange/controllers/default.py: 0
[2014-08-17 19:00:40] EDIT Xchange/views/default/index.html: 0
[2014-08-17 19:02:23] EDIT Xchange/controllers/default.py: 0
[2014-08-17 19:03:46] EDIT Xchange/views/default/index.html: 0
[2014-08-17 19:04:11] EDIT Xchange/views/default/index.html: 0
[2014-08-17 19:04:33] EDIT Xchange/views/default/index.html: 0
[2014-08-17 19:05:55] EDIT Xchange/controllers/default.py: 0
[2014-08-17 19:07:55] EDIT Xchange/views/default/index.html: 6
[2014-08-17 19:09:35] EDIT Xchange/controllers/default.py: 0
[2014-08-17 19:10:42] EDIT Xchange/controllers/default.py: 0
[2014-08-17 19:10:54] EDIT Xchange/controllers/default.py: 0
[2014-08-17 19:11:14] EDIT Xchange/views/default/index.html: 0
[2014-08-17 19:11:56] EDIT Xchange/views/default/index.html: -4
[2014-08-17 19:15:07] EDIT Xchange/controllers/default.py: 0
[2014-08-17 19:15:31] CREATE default/near.html: 0
[2014-08-17 19:15:34] EDIT Xchange/views/default/near.html: 0
[2014-08-17 20:31:08] EDIT Xchange/views/default/index.html: 2
[2014-08-17 20:32:11] EDIT Xchange/controllers/default.py: 0
[2014-08-17 20:32:43] DELETE Xchange/views/default/near.html: -3
[2014-08-17 20:33:06] CREATE default/nearby.html: 0
[2014-08-17 20:35:21] EDIT Xchange/views/default/nearby.html: 3
[2014-08-17 20:36:40] EDIT Xchange/controllers/default.py: 2
[2014-08-17 20:36:48] EDIT Xchange/controllers/default.py: 0
[2014-08-17 20:37:04] EDIT Xchange/controllers/default.py: 0
[2014-08-17 20:40:53] EDIT Xchange/models/db.py: 4
[2014-08-17 20:46:15] EDIT Xchange/controllers/default.py: 2
[2014-08-17 20:46:31] EDIT Xchange/controllers/default.py: -2
[2014-08-17 20:49:13] EDIT Xchange/controllers/default.py: 0
[2014-08-17 20:49:30] EDIT Xchange/models/db.py: 0
[2014-08-17 20:49:53] EDIT Xchange/controllers/default.py: 0
[2014-08-17 20:52:13] EDIT Xchange/models/db.py: 0
[2014-08-17 20:52:18] EDIT Xchange/models/db.py: 0
[2014-08-17 20:52:51] EDIT Xchange/controllers/default.py: 0
[2014-08-17 20:54:41] EDIT Xchange/controllers/default.py: 0
[2014-08-19 17:58:39] EDIT Xchange/controllers/default.py: 1
